<?xml version="1.0" encoding="UTF-8"?>
<!-- Generated by org.testng.reporters.JUnitReportReporter -->
<testsuite hostname="Harshs-MacBook-Pro.local" failures="0" tests="1" name="com.demo.AppTest" time="0.447" errors="0" timestamp="2025-07-14T00:53:58 IST" skipped="0">
  <testcase classname="com.demo.AppTest" name="openGoogle" time="0.447"/>
</testsuite> <!-- com.demo.AppTest -->
